<?xml version="1.0" encoding="UTF-8"?>
<!-- Generated by org.testng.reporters.JUnitXMLReporter -->
<testsuite ignored="0" hostname="REM-LT-210215B" failures="0" tests="2" name="Default test" time="44.273" errors="0" timestamp="2022-12-09T14:41:31 CST">
  <testcase classname="SDET_java_maintenanceUnosquare.sdet_java.AmazonTestCases" name="search_item_001" time="21.613"/>
  <testcase classname="SDET_java_maintenanceUnosquare.sdet_java.AmazonTestCases" name="search_item_002" time="22.575"/>
</testsuite> <!-- Default test -->
