<?xml version="1.0" encoding="UTF-8"?>
<!-- Generated by org.testng.reporters.JUnitXMLReporter -->
<testsuite ignored="0" hostname="REM-LT-210215B" failures="0" tests="1" name="Execution: Exercise Automation -&gt; Amazon Test Case Automation. By Carlos Acevedo" time="65.274" errors="0" timestamp="2022-12-20T12:41:13 CST">
  <testcase classname="SDET_java_maintenanceUnosquare.sdet_java.AmazonTestCases" name="amazon_end_to_end_flow" time="65.168"/>
</testsuite> <!-- Execution: Exercise Automation -> Amazon Test Case Automation. By Carlos Acevedo -->
