<?xml version="1.0" encoding="UTF-8"?>
<!-- Generated by org.testng.reporters.JUnitXMLReporter -->
<testsuite ignored="0" hostname="REM-LT-210215B" failures="0" tests="1" name="Execution: Activity 2 -&gt; Facebook automation use of case. By Carlos Acevedo" time="9.276" errors="0" timestamp="2022-12-07T13:09:37 CST">
  <testcase classname="SDET_java_maintenanceUnosquare.sdet_java.FacebookTestCases" name="Facebook_TC000" time="9.2"/>
</testsuite> <!-- Execution: Activity 2 -> Facebook automation use of case. By Carlos Acevedo -->
