<?xml version="1.0" encoding="UTF-8"?>
<!-- Generated by org.testng.reporters.JUnitXMLReporter -->
<testsuite ignored="0" hostname="REM-LT-210215B" failures="0" tests="3" name="Release name in here - 2022 SDET course" time="75.577" errors="0" timestamp="2022-12-06T14:50:54 CST">
  <testcase classname="SDET_java_maintenanceUnosquare.sdet_java.AppleTest" name="apple_search_TC000" time="26.778"/>
  <testcase classname="SDET_java_maintenanceUnosquare.sdet_java.AppleTest" name="apple_search_TC001" time="24.444"/>
  <testcase classname="SDET_java_maintenanceUnosquare.sdet_java.AppleTest" name="apple_search_TC002" time="24.25"/>
</testsuite> <!-- Release name in here - 2022 SDET course -->
